
Showing logs for build [32mcb-kubecd-environment-pr-1491-1-k6r59-1[0m stage [32mfrom-build-pack[0m and container [32mstep-credential-initializer-b8f5h[0m
{"level":"info","ts":1591261197.7815764,"logger":"fallback-logger","caller":"logging/config.go:69","msg":"Fetch GitHub commit ID from kodata failed: open /var/run/ko/refs/heads/0.8.0-ns-support: no such file or directory"}
{"level":"info","ts":1591261197.7826326,"logger":"fallback-logger","caller":"creds-init/main.go:40","msg":"Credentials initialized."}

Showing logs for build [32mcb-kubecd-environment-pr-1491-1-k6r59-1[0m stage [32mfrom-build-pack[0m and container [32mstep-working-dir-initializer-f5j8t[0m
{"level":"info","ts":1591261199.3014698,"logger":"fallback-logger","caller":"logging/config.go:69","msg":"Fetch GitHub commit ID from kodata failed: open /var/run/ko/HEAD: no such file or directory"}
{"level":"info","ts":1591261199.3125706,"logger":"fallback-logger","caller":"bash/main.go:64","msg":"Successfully executed command \"sh -c mkdir -p /workspace/source\"; output "}

Showing logs for build [32mcb-kubecd-environment-pr-1491-1-k6r59-1[0m stage [32mfrom-build-pack[0m and container [32mstep-place-tools[0m

Showing logs for build [32mcb-kubecd-environment-pr-1491-1-k6r59-1[0m stage [32mfrom-build-pack[0m and container [32mstep-git-source-cb-kubecd-environment-pr-1491-1-k6r59-2qfvf[0m
{"level":"info","ts":1591261207.213384,"logger":"fallback-logger","caller":"logging/config.go:69","msg":"Fetch GitHub commit ID from kodata failed: open /var/run/ko/refs/heads/0.8.0-ns-support: no such file or directory"}
{"level":"info","ts":1591261207.925255,"logger":"fallback-logger","caller":"git/git.go:103","msg":"Successfully cloned https://github.com/cb-kubecd/environment-pr-1491-128-bdd-frontend-staging.git @ master in path /workspace/source"}

Showing logs for build [32mcb-kubecd-environment-pr-1491-1-k6r59-1[0m stage [32mfrom-build-pack[0m and container [32mstep-git-merge[0m
Using SHAs from PULL_REFS=master:a8b1acfd5445d0249cbc7c841c57268d41bb5c84,1:66de6d69bb3050af35e888a9708f6c30f4ac0638
DEBUG: LC_ALL=C JX_LOG_LEVEL=error git fetch origin --unshallow 66de6d69bb3050af35e888a9708f6c30f4ac0638: a8b1acfd5445d0249cbc7c841c57268d41bb5c84:
DEBUG: ran git fetch --unshallow origin 66de6d69bb3050af35e888a9708f6c30f4ac0638: a8b1acfd5445d0249cbc7c841c57268d41bb5c84: in 
DEBUG: LC_ALL=C JX_LOG_LEVEL=error git branch
DEBUG: LC_ALL=C JX_LOG_LEVEL=error git checkout master
DEBUG: ran git checkout master in 
DEBUG: LC_ALL=C JX_LOG_LEVEL=error git reset --hard a8b1acfd5445d0249cbc7c841c57268d41bb5c84
DEBUG: ran git reset --hard a8b1acfd5445d0249cbc7c841c57268d41bb5c84 in 
DEBUG: JX_LOG_LEVEL=error LC_ALL=C git clean -fd .
DEBUG: ran clean --force -d . in 
DEBUG: LC_ALL=C JX_LOG_LEVEL=error git merge 66de6d69bb3050af35e888a9708f6c30f4ac0638
DEBUG: ran git merge 66de6d69bb3050af35e888a9708f6c30f4ac0638 in 
DEBUG: LC_ALL=C JX_LOG_LEVEL=error git log --format=%H%x1f%an%x1f%ae%x1f%cn%x1f%ce%x1f%s%n%b%x1e a8b1acfd5445d0249cbc7c841c57268d41bb5c84..HEAD
Merged SHA 66de6d69bb3050af35e888a9708f6c30f4ac0638 with commit message 'chore: Promote bdd-nh-1591260225 to version 0.0.1' into base branch master

Showing logs for build [32mcb-kubecd-environment-pr-1491-1-k6r59-1[0m stage [32mfrom-build-pack[0m and container [32mstep-build-helm-build[0m
WARNING: No $CHART_REPOSITORY defined so using the default value of: http://jenkins-x-chartmuseum:8080
Adding missing Helm repo: storage.googleapis.com https://storage.googleapis.com/chartmuseum.jenkins-x.io
WARNING: No secrets found on "helm/repos" due: reading the secret "helm/repos" from vault: no secret "helm/repos" not found in vault
Read credentials for https://storage.googleapis.com/chartmuseum.jenkins-x.io from vault helm/repos
Successfully added Helm repository storage.googleapis.com.
Adding missing Helm repo: jenkins-x-chartmuseum http://jenkins-x-chartmuseum:8080
WARNING: No secrets found on "helm/repos" due: reading the secret "helm/repos" from vault: no secret "helm/repos" not found in vault
Read credentials for http://jenkins-x-chartmuseum:8080 from vault helm/repos
Successfully added Helm repository jenkins-x-chartmuseum.
WARNING: No $CHART_REPOSITORY defined so using the default value of: http://jenkins-x-chartmuseum:8080
Adding missing Helm repo: chartmuseum.jenkins-x.io http://chartmuseum.jenkins-x.io
WARNING: No secrets found on "helm/repos" due: reading the secret "helm/repos" from vault: no secret "helm/repos" not found in vault
Read credentials for http://chartmuseum.jenkins-x.io from vault helm/repos
Successfully added Helm repository chartmuseum.jenkins-x.io.
